-2.393693000000000000e+06 -3.846212200000000000e+07 -3.290954348444938660e+03 2.118773962651680603e+11
-2.393692000000000000e+06 -3.846210600000000000e+07 -3.101367124915122986e+03 2.118774016535904236e+11
-2.351518000000000000e+06 -3.778583800000000000e+07 -3.466494977474212646e+03 2.121046415088192139e+11
-2.351517000000000000e+06 -3.778582200000000000e+07 -3.276907753944396973e+03 2.121046468987103882e+11
-2.351486000000000000e+06 -3.778532500000000000e+07 -2.787855327129364014e+03 2.121048139326336365e+11
-2.351440000000000000e+06 -3.778458700000000000e+07 5.450051710009574890e+02 2.121050561727926025e+11
-2.351423000000000000e+06 -3.778431500000000000e+07 -1.620163169503211975e+03 2.121051533859647827e+11
-2.351393000000000000e+06 -3.778383400000000000e+07 -1.320697925984859467e+03 2.121053150303423462e+11
-2.351392000000000000e+06 -3.778381800000000000e+07 -1.131110702455043793e+03 2.121053204172960205e+11
-2.351391000000000000e+06 -3.778380200000000000e+07 -9.415235191583633423e+02 2.121053258041632080e+11
-2.351390000000000000e+06 -3.778378600000000000e+07 -7.519362956285476685e+02 2.121053311922399597e+11
-2.351150000000000000e+06 -3.777993700000000000e+07 -3.744365005195140839e+03 2.121066243500256042e+11
-2.351149000000000000e+06 -3.777992100000000000e+07 -3.554777821898460388e+03 2.121066297382752075e+11
-2.351135000000000000e+06 -3.777969700000000000e+07 -9.005569741129875183e+02 2.121067051732512512e+11
-2.351134000000000000e+06 -3.777968100000000000e+07 -7.109697908163070679e+02 2.121067105582175598e+11
-2.351104000000000000e+06 -3.777920000000000000e+07 -4.115045070648193359e+02 2.121068722036319580e+11
-2.351103000000000000e+06 -3.777918400000000000e+07 -2.219173237681388855e+02 2.121068775917088318e+11
-2.351102000000000000e+06 -3.777916800000000000e+07 -3.233014047145843506e+01 2.121068829808224487e+11
-2.351101000000000000e+06 -3.777915100000000000e+07 1.572570428252220154e+02 2.121068827572740784e+11
-2.351086000000000000e+06 -3.777891100000000000e+07 -2.387085704505443573e+03 2.121069691909151917e+11
-2.351085000000000000e+06 -3.777889500000000000e+07 -2.197498480975627899e+03 2.121069745790784302e+11
-2.351072000000000000e+06 -3.777868600000000000e+07 2.671351030468940735e+02 2.121070390103049011e+11
-2.351070000000000000e+06 -3.777865400000000000e+07 6.463095098733901978e+02 2.121070497869718323e+11
-2.351069000000000000e+06 -3.777863800000000000e+07 8.358967334032058716e+02 2.121070551756509705e+11
-2.351068000000000000e+06 -3.777862200000000000e+07 -4.362666861712932587e+03 2.121070661788895569e+11
-2.351055000000000000e+06 -3.777841400000000000e+07 -1.898033237457275391e+03 2.121071362244927979e+11
-2.351054000000000000e+06 -3.777839800000000000e+07 -1.708446013927459717e+03 2.121071416114464417e+11
-2.351053000000000000e+06 -3.777838200000000000e+07 -1.518858830630779266e+03 2.121071469989183960e+11
-2.350623000000000000e+06 -3.777148700000000000e+07 -8.186239242553710938e+02 2.121094639034783936e+11
-2.350622000000000000e+06 -3.777147100000000000e+07 -6.290367409586906433e+02 2.121094692931968384e+11
-2.350254000000000000e+06 -3.776557000000000000e+07 -9.069067686796188354e+02 2.121114521310335693e+11
-2.350174000000000000e+06 -3.776428700000000000e+07 -1.904383032023906708e+03 2.121118831854720154e+11
-2.350062000000000000e+06 -3.776249100000000000e+07 -2.223219604790210724e+03 2.121124866565535889e+11
-2.347972000000000000e+06 -3.772897700000000000e+07 6.790242791175842285e+02 2.121237422698506165e+11
-2.347636000000000000e+06 -3.772359000000000000e+07 -2.774853989481925964e+02 2.121255583111871948e+11
-2.347635000000000000e+06 -3.772357400000000000e+07 -8.789821565151214600e+01 2.121255636977088318e+11
-2.347620000000000000e+06 -3.772333300000000000e+07 -2.632240962982177734e+03 2.121256445217984619e+11
-2.347603000000000000e+06 -3.772306000000000000e+07 5.907414346933364868e+02 2.121257304961256409e+11
-2.347572000000000000e+06 -3.772256300000000000e+07 -4.308356876671314240e+03 2.121259031514719543e+11
-2.347571000000000000e+06 -3.772254700000000000e+07 -4.118769693374633789e+03 2.121259085392896118e+11
-2.347556000000000000e+06 -3.772230700000000000e+07 -1.274961662292480469e+03 2.121259893613056641e+11
-2.347555000000000000e+06 -3.772229100000000000e+07 -1.085374438762664795e+03 2.121259947508512268e+11
-2.347540000000000000e+06 -3.772205000000000000e+07 -3.629717226326465607e+03 2.121260755739904175e+11
-2.346850000000000000e+06 -3.771098600000000000e+07 -2.130167001485824585e+03 2.121297933974400330e+11
-2.346849000000000000e+06 -3.771097000000000000e+07 -1.940579777956008911e+03 2.121297987854304504e+11
-2.346834000000000000e+06 -3.771072900000000000e+07 9.032282128930091858e+02 2.121298739837289124e+11
-2.346833000000000000e+06 -3.771071300000000000e+07 -4.295335341989994049e+03 2.121298849992384033e+11
-2.346803000000000000e+06 -3.771023200000000000e+07 -3.995870098471641541e+03 2.121300466418016052e+11
-2.346787000000000000e+06 -3.770997600000000000e+07 -9.624748840928077698e+02 2.121301328522399902e+11
-2.346786000000000000e+06 -3.770996000000000000e+07 -7.728876605629920959e+02 2.121301382373792419e+11
-2.346785000000000000e+06 -3.770994400000000000e+07 -5.833004772663116455e+02 2.121301436271840515e+11
-2.346737000000000000e+06 -3.770917400000000000e+07 -2.259416350722312927e+03 2.121304022590176697e+11
-2.346225000000000000e+06 -3.770096400000000000e+07 -2.177483300864696503e+03 2.121331609920960693e+11
-2.346224000000000000e+06 -3.770094800000000000e+07 -1.987896117568016052e+03 2.121331663804320374e+11
-2.346192000000000000e+06 -3.770043500000000000e+07 -1.309256426990032196e+03 2.121333388008767700e+11
-2.343904000000000000e+06 -3.766374600000000000e+07 -3.973952937126159668e+03 2.121456668898529053e+11
