2.284678997000213712e+03 -4.217400000000000000e+04 1.529627591371536255e+01 3.370374899478338016e+00
2.284741363000124693e+03 -4.217300000000000000e+04 1.556784957647323608e+01 3.526162249783341807e+00
4.914832280000206083e+03 0.000000000000000000e+00 0.000000000000000000e+00 0.000000000000000000e+00
4.914894663000013679e+03 2.000000000000000000e+00 1.407234370708465576e+00 2.073600005832000548e+00
4.916827926000114530e+03 3.300000000000000000e+01 2.013024687767028809e+00 1.336502463434529719e+00
4.919696603000164032e+03 7.900000000000000000e+01 7.171154022216796875e-01 1.312629759250275141e+00
4.920756783999968320e+03 9.600000000000000000e+01 1.801599562168121338e+00 1.222355426154977609e+00
4.922627667999826372e+03 1.260000000000000000e+02 1.649518311023712158e+00 1.219316165364528137e+00
4.922690016999840736e+03 1.270000000000000000e+02 4.426851868629455566e-01 6.967557035181459746e-01
4.922752365000080317e+03 1.270000000000000000e+02 -8.443728089332580566e-01 6.912705446460674086e-01
4.922814726999960840e+03 1.280000000000000000e+02 -9.183615446090698242e-01 7.776636983830210736e-01
4.937781831000000238e+03 3.690000000000000000e+02 6.770834326744079590e-01 1.213226311452072270e+00
4.937844194999895990e+03 3.700000000000000000e+02 7.761776447296142578e-01 8.668190775362816236e-01
4.938717284999787807e+03 3.840000000000000000e+02 1.643121242523193359e+00 1.126528440090145411e+00
4.938779610999859869e+03 3.840000000000000000e+02 -1.545555889606475830e+00 6.918446719060757921e-01
4.940650506999809295e+03 4.140000000000000000e+02 -6.551563739776611328e-01 2.160239886232584450e+00
4.940712869000155479e+03 4.150000000000000000e+02 -7.291048765182495117e-01 7.782693227387031953e-01
4.940775243000127375e+03 4.170000000000000000e+02 2.342373132705688477e-01 2.252033454522345046e+00
4.940837636999785900e+03 4.180000000000000000e+02 2.931466698646545410e+00 1.905635494830029586e+00
4.941773045000154525e+03 4.320000000000000000e+02 -8.630007505416870117e-02 1.037344052840224684e+00
4.941835407999809831e+03 4.330000000000000000e+02 -7.394850254058837891e-02 1.987485223665123701e+00
4.942646122000180185e+03 4.460000000000000000e+02 -3.447175025939941406e-01 7.783730011932078474e-01
4.942770851999986917e+03 4.490000000000000000e+02 2.574920654296875000e-02 8.666321566680434962e-01
4.942833221000153571e+03 4.500000000000000000e+02 5.577117204666137695e-01 8.666310011321227691e-01
4.942895591000095010e+03 4.510000000000000000e+02 1.176255941390991211e+00 2.597996710095387574e+00
4.943706304000224918e+03 4.640000000000000000e+02 8.182615041732788086e-01 6.936319112413711352e-01
4.943768652999773622e+03 4.640000000000000000e+02 -3.807261586189270020e-01 8.647530356019628162e-01
4.943831007999833673e+03 4.650000000000000000e+02 -1.059539616107940674e+00 1.296504311558800637e+00
4.970647032999899238e+03 8.950000000000000000e+02 -1.343464851379394531e+00 3.370318627646805343e+00
4.970709414000157267e+03 8.970000000000000000e+02 2.244204282760620117e-01 3.460560158691090571e+00
4.993658925999887288e+03 1.264000000000000000e+03 -1.433426141738891602e+00 1.127492304520545163e+00
4.998647981999907643e+03 1.345000000000000000e+03 9.416967630386352539e-01 1.818759617130268458e+00
5.005632600999902934e+03 1.456000000000000000e+03 -8.670240640640258789e-01 2.076688566523269497e+00
5.135970976000186056e+03 3.546000000000000000e+03 -4.387021064758300781e-01 1.835232473315040691e+00
5.156924899999983609e+03 3.882000000000000000e+03 -7.390826940536499023e-02 1.839339399808817443e+00
5.156987244000192732e+03 3.883000000000000000e+03 -1.703068614006042480e+00 1.584239899659999784e+00
5.157922708000056446e+03 3.899000000000000000e+03 1.245215535163879395e-01 2.267338609212748324e+00
5.158982865000143647e+03 3.915000000000000000e+03 -8.742660284042358398e-01 1.925024287754354635e+00
5.160916106999851763e+03 3.946000000000000000e+03 -1.440306007862091064e+00 1.416044185304159653e+00
5.160978465999942273e+03 3.947000000000000000e+03 -1.773476600646972656e+00 1.247930791625255997e+00
5.161913906000088900e+03 3.962000000000000000e+03 -2.019461989402770996e+00 1.755249395717148442e+00
5.161976284999866039e+03 3.963000000000000000e+03 -6.246998906135559082e-01 2.181871756224433412e+00
5.162911737999878824e+03 3.979000000000000000e+03 2.525836229324340820e-01 2.696880879858425395e+00
5.205942102000117302e+03 4.668000000000000000e+03 -3.497868776321411133e-01 1.098504161096507836e+00
5.206004463000223041e+03 4.669000000000000000e+03 -5.101561546325683594e-01 1.098529858135350645e+00
5.206939919999800622e+03 4.685000000000000000e+03 7.127299904823303223e-01 9.378343921880627487e-01
5.207002307999879122e+03 4.686000000000000000e+03 2.885641157627105713e+00 1.181055498753863731e+00
5.208873170999810100e+03 4.716000000000000000e+03 9.243965148925781250e-01 1.264212638965187541e+00
5.209870976999867707e+03 4.732000000000000000e+03 9.500250220298767090e-01 7.080483640813781676e-01
5.209933304999954998e+03 4.732000000000000000e+03 -2.061787247657775879e+00 1.430532962603274338e+00
5.209995686999987811e+03 4.733000000000000000e+03 -4.077628254890441895e-01 1.100184651924433377e+00
5.212989111000206321e+03 4.782000000000000000e+03 1.874864101409912109e-01 1.515436301985972456e+00
5.244918891999870539e+03 5.294000000000000000e+03 5.628615617752075195e-02 8.046136479644518946e-01
5.244981257000006735e+03 5.295000000000000000e+03 2.415597438812255859e-01 1.442664533986641517e+00
5.246976863999851048e+03 5.326000000000000000e+03 -1.393273472785949707e-01 1.197120822518787042e+00
5.389664061999879777e+03 7.615000000000000000e+03 8.474888652563095093e+01 1.826855498885928464e+00
